e:\nam3_hk1\pttktt\dynamicprograming\tsp_dyna.9954d2cd\x64\debug\vc143.pdb
e:\nam3_hk1\pttktt\dynamicprograming\tsp_dyna.9954d2cd\x64\debug\.netframework,version=v4.8.1.assemblyattributes.obj
e:\nam3_hk1\pttktt\dynamicprograming\tsp_dyna.9954d2cd\x64\debug\menu.obj
e:\nam3_hk1\pttktt\dynamicprograming\tsp_dyna.9954d2cd\x64\debug\karatsuba.obj
e:\nam3_hk1\pttktt\dynamicprograming\tsp_dyna.9954d2cd\x64\debug\greedy.obj
e:\nam3_hk1\pttktt\dynamicprograming\tsp_dyna.9954d2cd\x64\debug\dynamic_programming.obj
e:\nam3_hk1\pttktt\dynamicprograming\x64\debug\microsoft.web.webview2.core.dll
e:\nam3_hk1\pttktt\dynamicprograming\x64\debug\microsoft.web.webview2.winforms.dll
e:\nam3_hk1\pttktt\dynamicprograming\x64\debug\microsoft.web.webview2.core.xml
e:\nam3_hk1\pttktt\dynamicprograming\x64\debug\microsoft.web.webview2.winforms.xml
e:\nam3_hk1\pttktt\dynamicprograming\x64\debug\tsp_dynamicprograming.exe
e:\nam3_hk1\pttktt\dynamicprograming\x64\debug\tsp_dynamicprograming.pdb
e:\nam3_hk1\pttktt\dynamicprograming\tsp_dyna.9954d2cd\x64\debug\tsp_dyna.9954d2cd.tlog\metagen.write.1.tlog
e:\nam3_hk1\pttktt\dynamicprograming\tsp_dyna.9954d2cd\x64\debug\tsp_dyna.9954d2cd.tlog\cl.command.1.tlog
e:\nam3_hk1\pttktt\dynamicprograming\tsp_dyna.9954d2cd\x64\debug\tsp_dyna.9954d2cd.tlog\cl.items.tlog
e:\nam3_hk1\pttktt\dynamicprograming\tsp_dyna.9954d2cd\x64\debug\tsp_dyna.9954d2cd.tlog\cl.read.1.tlog
e:\nam3_hk1\pttktt\dynamicprograming\tsp_dyna.9954d2cd\x64\debug\tsp_dyna.9954d2cd.tlog\cl.write.1.tlog
e:\nam3_hk1\pttktt\dynamicprograming\tsp_dyna.9954d2cd\x64\debug\tsp_dyna.9954d2cd.tlog\copylocal.read.1u.tlog
e:\nam3_hk1\pttktt\dynamicprograming\tsp_dyna.9954d2cd\x64\debug\tsp_dyna.9954d2cd.tlog\copylocal.write.1u.tlog
e:\nam3_hk1\pttktt\dynamicprograming\tsp_dyna.9954d2cd\x64\debug\tsp_dyna.9954d2cd.tlog\link.command.1.tlog
e:\nam3_hk1\pttktt\dynamicprograming\tsp_dyna.9954d2cd\x64\debug\tsp_dyna.9954d2cd.tlog\link.read.1.tlog
e:\nam3_hk1\pttktt\dynamicprograming\tsp_dyna.9954d2cd\x64\debug\tsp_dyna.9954d2cd.tlog\link.secondary.1.tlog
e:\nam3_hk1\pttktt\dynamicprograming\tsp_dyna.9954d2cd\x64\debug\tsp_dyna.9954d2cd.tlog\link.write.1.tlog
e:\nam3_hk1\pttktt\dynamicprograming\tsp_dyna.9954d2cd\x64\debug\tsp_dyna.9954d2cd.tlog\metagen.read.1.tlog
e:\nam3_hk1\pttktt\dynamicprograming\tsp_dyna.9954d2cd\x64\debug\tsp_dyna.9954d2cd.tlog\resgen.command.1.tlog
e:\nam3_hk1\pttktt\dynamicprograming\tsp_dyna.9954d2cd\x64\debug\tsp_dyna.9954d2cd.tlog\resgen.read.1.tlog
e:\nam3_hk1\pttktt\dynamicprograming\tsp_dyna.9954d2cd\x64\debug\tsp_dyna.9954d2cd.tlog\resgen.write.1.tlog
e:\nam3_hk1\pttktt\dynamicprograming\tsp_dyna.9954d2cd\x64\debug\tsp_dyna.9954d2cd.tlog\microsoft.web.webview2.core.dll.metagen
e:\nam3_hk1\pttktt\dynamicprograming\tsp_dyna.9954d2cd\x64\debug\tsp_dyna.9954d2cd.tlog\microsoft.web.webview2.winforms.dll.metagen
